<?xml version="1.0" encoding="UTF-8"?>
<coverage generated="1568253586786" clover="3.2.0">
  <project timestamp="1568253586786" name="All files">
    <metrics statements="40" coveredstatements="40" conditionals="14" coveredconditionals="13" methods="11" coveredmethods="11" elements="65" coveredelements="64" complexity="0" loc="40" ncloc="40" packages="2" files="2" classes="2">
      <package name="src.components">
        <metrics statements="29" coveredstatements="29" conditionals="14" coveredconditionals="13" methods="11" coveredmethods="11"/>
        <file name="ConflictDialog.vue" path="/Users/georgiashay/Documents/0Classes/0Undergraduate-MIT/Freshman/Extracurriculars/SIPB/Courseroad/courseroad2/src/components/ConflictDialog.vue">
          <metrics statements="29" coveredstatements="29" conditionals="14" coveredconditionals="13" methods="11" coveredmethods="11"/>
          <line num="64" count="8" type="stmt"/>
          <line num="70" count="6" type="stmt"/>
          <line num="75" count="7" type="stmt"/>
          <line num="78" count="1" type="stmt"/>
          <line num="81" count="312" type="stmt"/>
          <line num="84" count="312" type="stmt"/>
          <line num="88" count="78" type="cond" truecount="2" falsecount="0"/>
          <line num="89" count="39" type="stmt"/>
          <line num="90" count="39" type="cond" truecount="2" falsecount="0"/>
          <line num="91" count="13" type="stmt"/>
          <line num="93" count="39" type="cond" truecount="1" falsecount="1"/>
          <line num="94" count="39" type="stmt"/>
          <line num="95" count="39" type="cond" truecount="2" falsecount="0"/>
          <line num="96" count="13" type="stmt"/>
          <line num="99" count="52" type="stmt"/>
          <line num="102" count="78" type="stmt"/>
          <line num="103" count="234" type="stmt"/>
          <line num="107" count="624" type="stmt"/>
          <line num="108" count="624" type="stmt"/>
          <line num="109" count="1482" type="cond" truecount="2" falsecount="0"/>
          <line num="110" count="702" type="stmt"/>
          <line num="113" count="624" type="stmt"/>
          <line num="116" count="156" type="stmt"/>
          <line num="117" count="468" type="cond" truecount="2" falsecount="0"/>
          <line num="118" count="156" type="stmt"/>
          <line num="119" count="156" type="cond" truecount="2" falsecount="0"/>
          <line num="120" count="78" type="stmt"/>
          <line num="122" count="78" type="stmt"/>
          <line num="125" count="312" type="stmt"/>
        </file>
      </package>
      <package name="tests.unit">
        <metrics statements="11" coveredstatements="11" conditionals="0" coveredconditionals="0" methods="0" coveredmethods="0"/>
        <file name="setup.js" path="/Users/georgiashay/Documents/0Classes/0Undergraduate-MIT/Freshman/Extracurriculars/SIPB/Courseroad/courseroad2/tests/unit/setup.js">
          <metrics statements="11" coveredstatements="11" conditionals="0" coveredconditionals="0" methods="0" coveredmethods="0"/>
          <line num="7" count="1" type="stmt"/>
          <line num="8" count="1" type="stmt"/>
          <line num="9" count="1" type="stmt"/>
          <line num="10" count="1" type="stmt"/>
          <line num="11" count="1" type="stmt"/>
          <line num="12" count="1" type="stmt"/>
          <line num="13" count="1" type="stmt"/>
          <line num="14" count="1" type="stmt"/>
          <line num="17" count="1" type="stmt"/>
          <line num="18" count="1" type="stmt"/>
          <line num="19" count="1" type="stmt"/>
        </file>
      </package>
    </metrics>
  </project>
</coverage>
