{"/Users/georgiashay/Documents/0Classes/0Undergraduate-MIT/Freshman/Extracurriculars/SIPB/Courseroad/courseroad2/src/components/ConflictDialog.vue": {"path":"/Users/georgiashay/Documents/0Classes/0Undergraduate-MIT/Freshman/Extracurriculars/SIPB/Courseroad/courseroad2/src/components/ConflictDialog.vue","statementMap":{"0":{"start":{"line":64,"column":0},"end":{"line":null,"column":-1}},"1":{"start":{"line":70,"column":0},"end":{"line":null,"column":-1}},"2":{"start":{"line":75,"column":0},"end":{"line":null,"column":-1}},"3":{"start":{"line":78,"column":0},"end":{"line":null,"column":-1}},"4":{"start":{"line":81,"column":0},"end":{"line":null,"column":-1}},"5":{"start":{"line":84,"column":0},"end":{"line":null,"column":-1}},"6":{"start":{"line":88,"column":0},"end":{"line":98,"column":0}},"7":{"start":{"line":89,"column":0},"end":{"line":null,"column":-1}},"8":{"start":{"line":90,"column":0},"end":{"line":92,"column":0}},"9":{"start":{"line":91,"column":0},"end":{"line":null,"column":-1}},"10":{"start":{"line":93,"column":0},"end":{"line":98,"column":0}},"11":{"start":{"line":94,"column":0},"end":{"line":null,"column":-1}},"12":{"start":{"line":95,"column":0},"end":{"line":97,"column":0}},"13":{"start":{"line":96,"column":0},"end":{"line":null,"column":-1}},"14":{"start":{"line":99,"column":0},"end":{"line":null,"column":-1}},"15":{"start":{"line":102,"column":0},"end":{"line":104,"column":0}},"16":{"start":{"line":103,"column":0},"end":{"line":null,"column":-1}},"17":{"start":{"line":107,"column":0},"end":{"line":null,"column":-1}},"18":{"start":{"line":108,"column":0},"end":{"line":112,"column":0}},"19":{"start":{"line":109,"column":0},"end":{"line":111,"column":0}},"20":{"start":{"line":110,"column":0},"end":{"line":null,"column":-1}},"21":{"start":{"line":113,"column":0},"end":{"line":null,"column":-1}},"22":{"start":{"line":116,"column":0},"end":{"line":127,"column":0}},"23":{"start":{"line":117,"column":0},"end":{"line":126,"column":0}},"24":{"start":{"line":118,"column":0},"end":{"line":null,"column":-1}},"25":{"start":{"line":119,"column":0},"end":{"line":123,"column":0}},"26":{"start":{"line":120,"column":0},"end":{"line":null,"column":-1}},"27":{"start":{"line":122,"column":0},"end":{"line":null,"column":-1}},"28":{"start":{"line":125,"column":0},"end":{"line":null,"column":-1}}},"fnMap":{"0":{"name":"(anonymous_1)","decl":{"start":{"line":63,"column":0},"end":{"line":null,"column":-1}},"loc":{"start":{"line":63,"column":0},"end":{"line":67,"column":0}}},"1":{"name":"(anonymous_2)","decl":{"start":{"line":74,"column":0},"end":{"line":null,"column":-1}},"loc":{"start":{"line":74,"column":0},"end":{"line":76,"column":0}}},"2":{"name":"(anonymous_3)","decl":{"start":{"line":77,"column":0},"end":{"line":null,"column":-1}},"loc":{"start":{"line":77,"column":0},"end":{"line":79,"column":0}}},"3":{"name":"(anonymous_4)","decl":{"start":{"line":80,"column":0},"end":{"line":null,"column":-1}},"loc":{"start":{"line":80,"column":0},"end":{"line":100,"column":0}}},"4":{"name":"(anonymous_5)","decl":{"start":{"line":81,"column":0},"end":{"line":null,"column":-1}},"loc":{"start":{"line":81,"column":0},"end":{"line":null,"column":-1}}},"5":{"name":"(anonymous_6)","decl":{"start":{"line":84,"column":0},"end":{"line":null,"column":-1}},"loc":{"start":{"line":84,"column":0},"end":{"line":null,"column":-1}}},"6":{"name":"(anonymous_7)","decl":{"start":{"line":101,"column":0},"end":{"line":null,"column":-1}},"loc":{"start":{"line":101,"column":0},"end":{"line":105,"column":0}}},"7":{"name":"(anonymous_8)","decl":{"start":{"line":102,"column":0},"end":{"line":null,"column":-1}},"loc":{"start":{"line":102,"column":0},"end":{"line":104,"column":0}}},"8":{"name":"(anonymous_9)","decl":{"start":{"line":106,"column":0},"end":{"line":null,"column":-1}},"loc":{"start":{"line":106,"column":0},"end":{"line":114,"column":0}}},"9":{"name":"(anonymous_10)","decl":{"start":{"line":115,"column":0},"end":{"line":null,"column":-1}},"loc":{"start":{"line":115,"column":0},"end":{"line":128,"column":0}}},"10":{"name":"(anonymous_11)","decl":{"start":{"line":116,"column":0},"end":{"line":null,"column":-1}},"loc":{"start":{"line":116,"column":0},"end":{"line":127,"column":0}}}},"branchMap":{"0":{"loc":{"start":{"line":88,"column":0},"end":{"line":98,"column":0}},"type":"if","locations":[{"start":{"line":88,"column":0},"end":{"line":98,"column":0}},{"start":{"line":88,"column":0},"end":{"line":98,"column":0}}]},"1":{"loc":{"start":{"line":90,"column":0},"end":{"line":92,"column":0}},"type":"if","locations":[{"start":{"line":90,"column":0},"end":{"line":92,"column":0}},{"start":{"line":90,"column":0},"end":{"line":92,"column":0}}]},"2":{"loc":{"start":{"line":93,"column":0},"end":{"line":98,"column":0}},"type":"if","locations":[{"start":{"line":93,"column":0},"end":{"line":98,"column":0}},{"start":{"line":93,"column":0},"end":{"line":98,"column":0}}]},"3":{"loc":{"start":{"line":95,"column":0},"end":{"line":97,"column":0}},"type":"if","locations":[{"start":{"line":95,"column":0},"end":{"line":97,"column":0}},{"start":{"line":95,"column":0},"end":{"line":97,"column":0}}]},"4":{"loc":{"start":{"line":109,"column":0},"end":{"line":111,"column":0}},"type":"if","locations":[{"start":{"line":109,"column":0},"end":{"line":111,"column":0}},{"start":{"line":109,"column":0},"end":{"line":111,"column":0}}]},"5":{"loc":{"start":{"line":117,"column":0},"end":{"line":126,"column":0}},"type":"if","locations":[{"start":{"line":117,"column":0},"end":{"line":126,"column":0}},{"start":{"line":117,"column":0},"end":{"line":126,"column":0}}]},"6":{"loc":{"start":{"line":119,"column":0},"end":{"line":123,"column":0}},"type":"if","locations":[{"start":{"line":119,"column":0},"end":{"line":123,"column":0}},{"start":{"line":119,"column":0},"end":{"line":123,"column":0}}]}},"s":{"0":8,"1":6,"2":7,"3":1,"4":312,"5":312,"6":78,"7":39,"8":39,"9":13,"10":39,"11":39,"12":39,"13":13,"14":52,"15":78,"16":234,"17":624,"18":624,"19":1482,"20":702,"21":624,"22":156,"23":468,"24":156,"25":156,"26":78,"27":78,"28":312},"f":{"0":8,"1":7,"2":1,"3":78,"4":234,"5":234,"6":78,"7":234,"8":624,"9":156,"10":468},"b":{"0":[39,39],"1":[13,26],"2":[39,0],"3":[13,26],"4":[702,780],"5":[156,312],"6":[78,78]}}
}
