TN:
SF:/Users/georgiashay/Documents/0Classes/0Undergraduate-MIT/Freshman/Extracurriculars/SIPB/Courseroad/courseroad2/src/components/ConflictDialog.vue
FN:63,(anonymous_1)
FN:74,(anonymous_2)
FN:77,(anonymous_3)
FN:80,(anonymous_4)
FN:81,(anonymous_5)
FN:84,(anonymous_6)
FN:101,(anonymous_7)
FN:102,(anonymous_8)
FN:106,(anonymous_9)
FN:115,(anonymous_10)
FN:116,(anonymous_11)
FNF:11
FNH:11
FNDA:8,(anonymous_1)
FNDA:7,(anonymous_2)
FNDA:1,(anonymous_3)
FNDA:78,(anonymous_4)
FNDA:234,(anonymous_5)
FNDA:234,(anonymous_6)
FNDA:78,(anonymous_7)
FNDA:234,(anonymous_8)
FNDA:624,(anonymous_9)
FNDA:156,(anonymous_10)
FNDA:468,(anonymous_11)
DA:64,8
DA:70,6
DA:75,7
DA:78,1
DA:81,312
DA:84,312
DA:88,78
DA:89,39
DA:90,39
DA:91,13
DA:93,39
DA:94,39
DA:95,39
DA:96,13
DA:99,52
DA:102,78
DA:103,234
DA:107,624
DA:108,624
DA:109,1482
DA:110,702
DA:113,624
DA:116,156
DA:117,468
DA:118,156
DA:119,156
DA:120,78
DA:122,78
DA:125,312
LF:29
LH:29
BRDA:88,0,0,39
BRDA:88,0,1,39
BRDA:90,1,0,13
BRDA:90,1,1,26
BRDA:93,2,0,39
BRDA:93,2,1,0
BRDA:95,3,0,13
BRDA:95,3,1,26
BRDA:109,4,0,702
BRDA:109,4,1,780
BRDA:117,5,0,156
BRDA:117,5,1,312
BRDA:119,6,0,78
BRDA:119,6,1,78
BRF:14
BRH:13
end_of_record
